<?xml version="1.0" encoding="UTF-8" ?>
<testsuite errors="0" failures="0" hostname="ibelongtoSHUBHANGI" name="test.phylodynamics.epidemiology.StochasticCoalescentTest" skipped="0" tests="2" time="2.231" timestamp="2026-05-26T02:55:27">
  <properties>
[...]
</properties>
  <testcase classname="test.phylodynamics.epidemiology.StochasticCoalescentTest" name="testTrajectoryConditionedLikelihood" time="0.246" />
  <testcase classname="test.phylodynamics.epidemiology.StochasticCoalescentTest" name="testLikelihood" time="1.91" />
  <system-out><![CDATA[logP: -1763.2132656998156
True logP:-1763.206425
logP: -81.73411986446345
logPtruth: ~ -81.7
]]></system-out>
  <system-err><![CDATA[]]></system-err>
</testsuite>
